On branch master
Your branch is up-to-date with 'origin/master'.
nothing to commit, working directory clean
Everything up-to-date
On branch master
Your branch is up-to-date with 'origin/master'.
nothing to commit, working directory clean
Everything up-to-date
Fri May 17 21:00:01 MSK 2019
[master bbc688e] Update algorithms: 17_05_2019.
 2 files changed, 78 insertions(+)
 create mode 100644 pusher.log
 create mode 100644 updater.log
To git@github.com:Sinopsys/gsl.git
   197ba64..bbc688e  master -> master
Sat May 18 21:00:01 MSK 2019
[master 240fb4d] Update algorithms: 18_05_2019.
 2 files changed, 25 insertions(+)
To git@github.com:Sinopsys/gsl.git
   bbc688e..240fb4d  master -> master
Sun May 19 21:00:01 MSK 2019
[master 6552cbb] Update algorithms: 19_05_2019.
 2 files changed, 23 insertions(+)
To git@github.com:Sinopsys/gsl.git
   07abd7d..6552cbb  master -> master
Mon May 20 21:00:01 MSK 2019
[master 0601b8d] Update algorithms: 20_05_2019.
 2 files changed, 23 insertions(+)
To git@github.com:Sinopsys/gsl.git
 ! [rejected]        master -> master (fetch first)
error: failed to push some refs to 'git@github.com:Sinopsys/gsl.git'
hint: Updates were rejected because the remote contains work that you do
hint: not have locally. This is usually caused by another repository pushing
hint: to the same ref. You may want to first integrate the remote changes
hint: (e.g., 'git pull ...') before pushing again.
hint: See the 'Note about fast-forwards' in 'git push --help' for details.
Tue May 21 21:00:01 MSK 2019
[master 7c99a5e] Update algorithms: 21_05_2019.
 2 files changed, 29 insertions(+)
To git@github.com:Sinopsys/gsl.git
   fb0aec2..7c99a5e  master -> master
Wed May 22 21:00:01 MSK 2019
[master 954382e] Update algorithms: 22_05_2019.
 2 files changed, 23 insertions(+)
To git@github.com:Sinopsys/gsl.git
   eb648f5..954382e  master -> master
Thu May 23 21:00:01 MSK 2019
[master fbde546] Update algorithms: 23_05_2019.
 2 files changed, 23 insertions(+)
To git@github.com:Sinopsys/gsl.git
   954382e..fbde546  master -> master
Fri May 24 21:00:01 MSK 2019
[master feb39fa] Update algorithms: 24_05_2019.
 2 files changed, 23 insertions(+)
To git@github.com:Sinopsys/gsl.git
   fbde546..feb39fa  master -> master
Sat May 25 21:00:02 MSK 2019
[master c2edb33] Update algorithms: 25_05_2019.
 2 files changed, 23 insertions(+)
To git@github.com:Sinopsys/gsl.git
   feb39fa..c2edb33  master -> master
Sun May 26 21:00:01 MSK 2019
[master 971466b] Update algorithms: 26_05_2019.
 2 files changed, 23 insertions(+)
To git@github.com:Sinopsys/gsl.git
   c2edb33..971466b  master -> master
Mon May 27 21:00:02 MSK 2019
[master a019229] Update algorithms: 27_05_2019.
 2 files changed, 23 insertions(+)
To git@github.com:Sinopsys/gsl.git
   971466b..a019229  master -> master
Tue May 28 21:00:01 MSK 2019
[master 084b2f6] Update algorithms: 28_05_2019.
 2 files changed, 23 insertions(+)
To git@github.com:Sinopsys/gsl.git
   a019229..084b2f6  master -> master
Wed May 29 21:00:01 MSK 2019
[master 3e63b16] Update algorithms: 29_05_2019.
 2 files changed, 23 insertions(+)
To git@github.com:Sinopsys/gsl.git
   084b2f6..3e63b16  master -> master
Thu May 30 21:00:01 MSK 2019
[master f7d60ed] Update algorithms: 30_05_2019.
 19 files changed, 387 insertions(+), 298 deletions(-)
 rename src/algoritms/hashing/pycryptodome/src/test/{make_tests_square_w.py => make_tests_square.py} (91%)
To git@github.com:Sinopsys/gsl.git
 ! [rejected]        master -> master (fetch first)
error: failed to push some refs to 'git@github.com:Sinopsys/gsl.git'
hint: Updates were rejected because the remote contains work that you do
hint: not have locally. This is usually caused by another repository pushing
hint: to the same ref. You may want to first integrate the remote changes
hint: (e.g., 'git pull ...') before pushing again.
hint: See the 'Note about fast-forwards' in 'git push --help' for details.
Fri May 31 21:00:01 MSK 2019
[master 7eed681] Update algorithms: 31_05_2019.
 2 files changed, 30 insertions(+)
To git@github.com:Sinopsys/gsl.git
   274a43b..7eed681  master -> master
Sat Jun 1 21:00:01 MSK 2019
[master bc65a75] Update algorithms: 01_06_2019.
 2 files changed, 23 insertions(+)
To git@github.com:Sinopsys/gsl.git
 ! [rejected]        master -> master (fetch first)
error: failed to push some refs to 'git@github.com:Sinopsys/gsl.git'
hint: Updates were rejected because the remote contains work that you do
hint: not have locally. This is usually caused by another repository pushing
hint: to the same ref. You may want to first integrate the remote changes
hint: (e.g., 'git pull ...') before pushing again.
hint: See the 'Note about fast-forwards' in 'git push --help' for details.
Sun Jun 2 21:00:01 MSK 2019
[master 7117222] Update algorithms: 02_06_2019.
 2 files changed, 29 insertions(+)
To git@github.com:Sinopsys/gsl.git
 ! [rejected]        master -> master (fetch first)
error: failed to push some refs to 'git@github.com:Sinopsys/gsl.git'
hint: Updates were rejected because the remote contains work that you do
hint: not have locally. This is usually caused by another repository pushing
hint: to the same ref. You may want to first integrate the remote changes
hint: (e.g., 'git pull ...') before pushing again.
hint: See the 'Note about fast-forwards' in 'git push --help' for details.
Sun Jun 2 22:32:45 MSK 2019
[master d508fba] Update algorithms: 02_06_2019.
 1 file changed, 11 insertions(+)
To git@github.com:Sinopsys/gsl.git
   3a742bd..d508fba  master -> master
Mon Jun 3 21:00:02 MSK 2019
[master c490f97] Update algorithms: 03_06_2019.
 2 files changed, 23 insertions(+)
To git@github.com:Sinopsys/gsl.git
   d508fba..c490f97  master -> master
Tue Jun 4 21:00:01 MSK 2019
[master 3796958] Update algorithms: 04_06_2019.
 2 files changed, 23 insertions(+)
To git@github.com:Sinopsys/gsl.git
   c490f97..3796958  master -> master
Wed Jun 5 21:00:01 MSK 2019
[master be636b3] Update algorithms: 05_06_2019.
 2 files changed, 23 insertions(+)
To git@github.com:Sinopsys/gsl.git
   3796958..be636b3  master -> master
Thu Jun 6 21:00:01 MSK 2019
[master 2d6741c] Update algorithms: 06_06_2019.
 2 files changed, 23 insertions(+)
To git@github.com:Sinopsys/gsl.git
   be636b3..2d6741c  master -> master
Fri Jun 7 21:00:01 MSK 2019
[master 75ad9e2] Update algorithms: 07_06_2019.
 3 files changed, 24 insertions(+), 1 deletion(-)
To git@github.com:Sinopsys/gsl.git
   2d6741c..75ad9e2  master -> master
Sat Jun 8 21:00:01 MSK 2019
[master 0f944f4] Update algorithms: 08_06_2019.
 2 files changed, 23 insertions(+)
To git@github.com:Sinopsys/gsl.git
   75ad9e2..0f944f4  master -> master
Sun Jun 9 21:00:01 MSK 2019
[master 38c4815] Update algorithms: 09_06_2019.
 3 files changed, 31 insertions(+)
 create mode 100644 src/algoritms/hashing/pycryptodome/.circleci/config.yml
To git@github.com:Sinopsys/gsl.git
   0f944f4..38c4815  master -> master
Mon Jun 10 21:00:01 MSK 2019
[master 9757b70] Update algorithms: 10_06_2019.
 2 files changed, 24 insertions(+)
To git@github.com:Sinopsys/gsl.git
   38c4815..9757b70  master -> master
Tue Jun 11 21:00:01 MSK 2019
[master 675bd07] Update algorithms: 11_06_2019.
 14 files changed, 374 insertions(+), 100 deletions(-)
To git@github.com:Sinopsys/gsl.git
   9757b70..675bd07  master -> master
Wed Jun 12 21:00:01 MSK 2019
[master 32b99b3] Update algorithms: 12_06_2019.
 2 files changed, 23 insertions(+)
To git@github.com:Sinopsys/gsl.git
   675bd07..32b99b3  master -> master
Thu Jun 13 21:00:01 MSK 2019
[master 48bc3da] Update algorithms: 13_06_2019.
 2 files changed, 23 insertions(+)
To git@github.com:Sinopsys/gsl.git
   32b99b3..48bc3da  master -> master
Fri Jun 14 21:00:01 MSK 2019
[master c798273] Update algorithms: 14_06_2019.
 2 files changed, 23 insertions(+)
To git@github.com:Sinopsys/gsl.git
   48bc3da..c798273  master -> master
Sat Jun 15 21:00:01 MSK 2019
[master 8e3f0cb] Update algorithms: 15_06_2019.
 2 files changed, 23 insertions(+)
To git@github.com:Sinopsys/gsl.git
   c798273..8e3f0cb  master -> master
Sun Jun 16 21:00:01 MSK 2019
[master 7774a39] Update algorithms: 16_06_2019.
 2 files changed, 23 insertions(+)
To git@github.com:Sinopsys/gsl.git
   8e3f0cb..7774a39  master -> master
Mon Jun 17 21:00:01 MSK 2019
[master 2859b60] Update algorithms: 17_06_2019.
 2 files changed, 23 insertions(+)
To git@github.com:Sinopsys/gsl.git
   7774a39..2859b60  master -> master
Tue Jun 18 21:00:01 MSK 2019
[master 5ffa23a] Update algorithms: 18_06_2019.
 2 files changed, 23 insertions(+)
To git@github.com:Sinopsys/gsl.git
   2859b60..5ffa23a  master -> master
Wed Jun 19 21:00:01 MSK 2019
[master 7d2c38d] Update algorithms: 19_06_2019.
 2 files changed, 23 insertions(+)
To git@github.com:Sinopsys/gsl.git
   5ffa23a..7d2c38d  master -> master
Thu Jun 20 21:00:01 MSK 2019
[master e489f5c] Update algorithms: 20_06_2019.
 2 files changed, 23 insertions(+)
To git@github.com:Sinopsys/gsl.git
   7d2c38d..e489f5c  master -> master
Fri Jun 21 21:00:01 MSK 2019
[master d2b6ff4] Update algorithms: 21_06_2019.
 2 files changed, 23 insertions(+)
To git@github.com:Sinopsys/gsl.git
   e489f5c..d2b6ff4  master -> master
Sat Jun 22 21:00:01 MSK 2019
[master 7e6b8fb] Update algorithms: 22_06_2019.
 2 files changed, 23 insertions(+)
To git@github.com:Sinopsys/gsl.git
   d2b6ff4..7e6b8fb  master -> master
Sun Jun 23 21:00:01 MSK 2019
[master 5ec8e5e] Update algorithms: 23_06_2019.
 2 files changed, 23 insertions(+)
To git@github.com:Sinopsys/gsl.git
   7e6b8fb..5ec8e5e  master -> master
Mon Jun 24 21:00:01 MSK 2019
[master caa2aca] Update algorithms: 24_06_2019.
 2 files changed, 23 insertions(+)
To git@github.com:Sinopsys/gsl.git
   5ec8e5e..caa2aca  master -> master
Tue Jun 25 21:00:01 MSK 2019
[master 891c19d] Update algorithms: 25_06_2019.
 2 files changed, 23 insertions(+)
To git@github.com:Sinopsys/gsl.git
   caa2aca..891c19d  master -> master
Wed Jun 26 21:00:01 MSK 2019
[master d38ff4a] Update algorithms: 26_06_2019.
 2 files changed, 23 insertions(+)
To git@github.com:Sinopsys/gsl.git
   891c19d..d38ff4a  master -> master
Thu Jun 27 21:00:01 MSK 2019
[master a25f928] Update algorithms: 27_06_2019.
 2 files changed, 23 insertions(+)
To git@github.com:Sinopsys/gsl.git
   d38ff4a..a25f928  master -> master
Fri Jun 28 21:00:02 MSK 2019
[master bbc19ad] Update algorithms: 28_06_2019.
 2 files changed, 23 insertions(+)
To git@github.com:Sinopsys/gsl.git
   a25f928..bbc19ad  master -> master
Sat Jun 29 21:00:01 MSK 2019
[master c9227fa] Update algorithms: 29_06_2019.
 2 files changed, 23 insertions(+)
To git@github.com:Sinopsys/gsl.git
   bbc19ad..c9227fa  master -> master
Sun Jun 30 21:00:01 MSK 2019
[master 585fec9] Update algorithms: 30_06_2019.
 2 files changed, 23 insertions(+)
To git@github.com:Sinopsys/gsl.git
   c9227fa..585fec9  master -> master
Mon Jul 1 21:00:01 MSK 2019
[master 6d96467] Update algorithms: 01_07_2019.
 2 files changed, 23 insertions(+)
To git@github.com:Sinopsys/gsl.git
   585fec9..6d96467  master -> master
Tue Jul 2 21:00:01 MSK 2019
[master 478924f] Update algorithms: 02_07_2019.
 2 files changed, 23 insertions(+)
To git@github.com:Sinopsys/gsl.git
   6d96467..478924f  master -> master
Wed Jul 3 21:00:01 MSK 2019
[master 84de631] Update algorithms: 03_07_2019.
 2 files changed, 23 insertions(+)
To git@github.com:Sinopsys/gsl.git
   478924f..84de631  master -> master
Thu Jul 4 21:00:01 MSK 2019
[master 0307752] Update algorithms: 04_07_2019.
 2 files changed, 23 insertions(+)
To git@github.com:Sinopsys/gsl.git
   84de631..0307752  master -> master
Fri Jul 5 21:00:01 MSK 2019
[master 355efaa] Update algorithms: 05_07_2019.
 2 files changed, 23 insertions(+)
To git@github.com:Sinopsys/gsl.git
   0307752..355efaa  master -> master
Sat Jul 6 21:00:01 MSK 2019
