Cloning into 'ethash'...
Cloning into 'lyra2re-hash-python'...
Cloning into 'myr-groestl_hash'...
Cloning into 'pycryptodome'...
Cloning into 'pycryptodome'...
Cloning into 'pyscrypt'...
Cloning into 'x11_hash'...










Cloning into 'ethash'...
Cloning into 'lyra2re-hash-python'...
Cloning into 'myr-groestl_hash'...
Cloning into 'pycryptodome'...
Cloning into 'pycryptodome'...
Cloning into 'pyscrypt'...
Cloning into 'x11_hash'...










Cloning into 'ethash'...
Cloning into 'lyra2re-hash-python'...
Cloning into 'myr-groestl_hash'...
Cloning into 'pycryptodome'...
Cloning into 'pycryptodome'...
Cloning into 'pyscrypt'...
Cloning into 'x11_hash'...










Fri May 17 20:00:01 MSK 2019
Cloning into 'ethash'...
Cloning into 'lyra2re-hash-python'...
Cloning into 'myr-groestl_hash'...
Cloning into 'pycryptodome'...
Cloning into 'pycryptodome'...
Cloning into 'pyscrypt'...
Cloning into 'x11_hash'...










Sat May 18 20:00:01 MSK 2019
Cloning into 'ethash'...
Cloning into 'lyra2re-hash-python'...
Cloning into 'myr-groestl_hash'...
Cloning into 'pycryptodome'...
Cloning into 'pycryptodome'...
Cloning into 'pyscrypt'...
Cloning into 'x11_hash'...










Sun May 19 20:00:02 MSK 2019
Cloning into 'ethash'...
Cloning into 'lyra2re-hash-python'...
Cloning into 'myr-groestl_hash'...
Cloning into 'pycryptodome'...
Cloning into 'pycryptodome'...
Cloning into 'pyscrypt'...
Cloning into 'x11_hash'...










Mon May 20 20:00:01 MSK 2019
Cloning into 'ethash'...
Cloning into 'lyra2re-hash-python'...
Cloning into 'myr-groestl_hash'...
Cloning into 'pycryptodome'...
Cloning into 'pycryptodome'...
Cloning into 'pyscrypt'...
Cloning into 'x11_hash'...










Tue May 21 20:00:01 MSK 2019
Cloning into 'ethash'...
Cloning into 'lyra2re-hash-python'...
Cloning into 'myr-groestl_hash'...
Cloning into 'pycryptodome'...
Cloning into 'pycryptodome'...
Cloning into 'pyscrypt'...
Cloning into 'x11_hash'...










Wed May 22 20:00:01 MSK 2019
Cloning into 'ethash'...
Cloning into 'lyra2re-hash-python'...
Cloning into 'myr-groestl_hash'...
Cloning into 'pycryptodome'...
Cloning into 'pycryptodome'...
Cloning into 'pyscrypt'...
Cloning into 'x11_hash'...










Thu May 23 20:00:02 MSK 2019
Cloning into 'ethash'...
Cloning into 'lyra2re-hash-python'...
Cloning into 'myr-groestl_hash'...
Cloning into 'pycryptodome'...
Cloning into 'pycryptodome'...
Cloning into 'pyscrypt'...
Cloning into 'x11_hash'...










Fri May 24 20:00:01 MSK 2019
Cloning into 'ethash'...
Cloning into 'lyra2re-hash-python'...
Cloning into 'myr-groestl_hash'...
Cloning into 'pycryptodome'...
Cloning into 'pycryptodome'...
Cloning into 'pyscrypt'...
Cloning into 'x11_hash'...










Sat May 25 20:00:01 MSK 2019
Cloning into 'ethash'...
Cloning into 'lyra2re-hash-python'...
Cloning into 'myr-groestl_hash'...
Cloning into 'pycryptodome'...
Cloning into 'pycryptodome'...
Cloning into 'pyscrypt'...
Cloning into 'x11_hash'...










